
*** Running vivado
    with args -log top_module_tb.vds -m64 -product Vivado -mode batch -messageDb vivado.pb -notrace -source top_module_tb.tcl


ECHO is off.
ECHO is off.

****** Vivado v2023.1 (64-bit)
  **** SW Build 3865809 on Sun May  7 15:05:29 MDT 2023
  **** IP Build 3864474 on Sun May  7 20:36:21 MDT 2023
  **** SharedData Build 3865790 on Sun May 07 13:33:03 MDT 2023
    ** Copyright 1986-2022 Xilinx, Inc. All Rights Reserved.
    ** Copyright 2022-2023 Advanced Micro Devices, Inc. All Rights Reserved.

source top_module_tb.tcl -notrace
create_project: Time (s): cpu = 00:00:09 ; elapsed = 00:00:10 . Memory (MB): peak = 451.391 ; gain = 166.418
Command: synth_design -top top_module_tb -part xc7k70tfbv676-1
Starting synth_design
Attempting to get a license for feature 'Synthesis' and/or device 'xc7k70t'
INFO: [Common 17-349] Got license for feature 'Synthesis' and/or device 'xc7k70t'
INFO: [Synth 8-7079] Multithreading enabled for synth_design using a maximum of 2 processes.
INFO: [Synth 8-7078] Launching helper process for spawning children vivado processes
INFO: [Synth 8-7075] Helper process launched with PID 3040
---------------------------------------------------------------------------------
Starting Synthesize : Time (s): cpu = 00:00:08 ; elapsed = 00:00:08 . Memory (MB): peak = 887.750 ; gain = 411.492
---------------------------------------------------------------------------------
INFO: [Synth 8-6157] synthesizing module 'top_module_tb' [C:/Users/Trung/Desktop/Crossroad-Traffic-Light/vivado/Traffic-Light.srcs/sources_1/new/top_module_tb.sv:23]
WARNING: [Synth 8-6896] loop limit (65536) exceeded inside initial block, initial block items will be ignored [C:/Users/Trung/Desktop/Crossroad-Traffic-Light/vivado/Traffic-Light.srcs/sources_1/new/top_module_tb.sv:43]
INFO: [Synth 8-6157] synthesizing module 'top_module' [C:/Users/Trung/Desktop/Crossroad-Traffic-Light/vivado/Traffic-Light.srcs/sources_1/new/top_module.sv:23]
INFO: [Synth 8-6157] synthesizing module 'state_of_light' [C:/Users/Trung/Desktop/Crossroad-Traffic-Light/vivado/Traffic-Light.srcs/sources_1/new/state_of_light.sv:28]
INFO: [Synth 8-6155] done synthesizing module 'state_of_light' (0#1) [C:/Users/Trung/Desktop/Crossroad-Traffic-Light/vivado/Traffic-Light.srcs/sources_1/new/state_of_light.sv:28]
INFO: [Synth 8-6157] synthesizing module 'traffic_light' [C:/Users/Trung/Desktop/Crossroad-Traffic-Light/vivado/Traffic-Light.srcs/sources_1/new/traffic_light.sv:28]
	Parameter light_num bound to: 1'b1 
INFO: [Synth 8-6155] done synthesizing module 'traffic_light' (0#1) [C:/Users/Trung/Desktop/Crossroad-Traffic-Light/vivado/Traffic-Light.srcs/sources_1/new/traffic_light.sv:28]
INFO: [Synth 8-6157] synthesizing module 'traffic_light__parameterized0' [C:/Users/Trung/Desktop/Crossroad-Traffic-Light/vivado/Traffic-Light.srcs/sources_1/new/traffic_light.sv:28]
	Parameter light_num bound to: 1'b0 
INFO: [Synth 8-6155] done synthesizing module 'traffic_light__parameterized0' (0#1) [C:/Users/Trung/Desktop/Crossroad-Traffic-Light/vivado/Traffic-Light.srcs/sources_1/new/traffic_light.sv:28]
INFO: [Synth 8-6155] done synthesizing module 'top_module' (0#1) [C:/Users/Trung/Desktop/Crossroad-Traffic-Light/vivado/Traffic-Light.srcs/sources_1/new/top_module.sv:23]
INFO: [Synth 8-6155] done synthesizing module 'top_module_tb' (0#1) [C:/Users/Trung/Desktop/Crossroad-Traffic-Light/vivado/Traffic-Light.srcs/sources_1/new/top_module_tb.sv:23]
WARNING: [Synth 8-3848] Net clk in module/entity top_module_tb does not have driver. [C:/Users/Trung/Desktop/Crossroad-Traffic-Light/vivado/Traffic-Light.srcs/sources_1/new/top_module_tb.sv:24]
---------------------------------------------------------------------------------
Finished Synthesize : Time (s): cpu = 00:00:12 ; elapsed = 00:00:13 . Memory (MB): peak = 1012.934 ; gain = 536.676
---------------------------------------------------------------------------------
---------------------------------------------------------------------------------
Finished Constraint Validation : Time (s): cpu = 00:00:13 ; elapsed = 00:00:14 . Memory (MB): peak = 1012.934 ; gain = 536.676
---------------------------------------------------------------------------------
---------------------------------------------------------------------------------
Start Loading Part and Timing Information
---------------------------------------------------------------------------------
Loading part: xc7k70tfbv676-1
---------------------------------------------------------------------------------
INFO: [Device 21-403] Loading part xc7k70tfbv676-1
Finished Loading Part and Timing Information : Time (s): cpu = 00:00:13 ; elapsed = 00:00:14 . Memory (MB): peak = 1012.934 ; gain = 536.676
---------------------------------------------------------------------------------
INFO: [Synth 8-802] inferred FSM for state register 'state_reg' in module 'state_of_light'
---------------------------------------------------------------------------------------------------
                   State |                     New Encoding |                Previous Encoding 
---------------------------------------------------------------------------------------------------
                  NORMAL |                              001 |                               00
                  EMER_1 |                              010 |                               01
                  EMER_2 |                              100 |                               10
---------------------------------------------------------------------------------------------------
INFO: [Synth 8-3354] encoded FSM with state register 'state_reg' using encoding 'one-hot' in module 'state_of_light'
---------------------------------------------------------------------------------
Finished RTL Optimization Phase 2 : Time (s): cpu = 00:00:13 ; elapsed = 00:00:14 . Memory (MB): peak = 1012.934 ; gain = 536.676
---------------------------------------------------------------------------------
No constraint files found.
---------------------------------------------------------------------------------
Start RTL Component Statistics 
---------------------------------------------------------------------------------
Detailed RTL Component Info : 
+---Adders : 
	   2 Input    4 Bit       Adders := 2     
+---Registers : 
	                5 Bit    Registers := 2     
+---Muxes : 
	   2 Input    4 Bit        Muxes := 2     
	   3 Input    3 Bit        Muxes := 1     
	   2 Input    3 Bit        Muxes := 4     
	   5 Input    2 Bit        Muxes := 1     
	   3 Input    2 Bit        Muxes := 1     
	   2 Input    2 Bit        Muxes := 1     
---------------------------------------------------------------------------------
Finished RTL Component Statistics 
---------------------------------------------------------------------------------
---------------------------------------------------------------------------------
Start Part Resource Summary
---------------------------------------------------------------------------------
Part Resources:
DSPs: 240 (col length:80)
BRAMs: 270 (col length: RAMB18 80 RAMB36 40)
---------------------------------------------------------------------------------
Finished Part Resource Summary
---------------------------------------------------------------------------------
No constraint files found.
---------------------------------------------------------------------------------
Start Cross Boundary and Area Optimization
---------------------------------------------------------------------------------
WARNING: [Synth 8-7080] Parallel synthesis criteria is not met
WARNING: [Synth 8-3332] Sequential element (uut/SOL/FSM_onehot_state_reg[2]) is unused and will be removed from module top_module_tb.
WARNING: [Synth 8-3332] Sequential element (uut/SOL/FSM_onehot_state_reg[1]) is unused and will be removed from module top_module_tb.
WARNING: [Synth 8-3332] Sequential element (uut/SOL/FSM_onehot_state_reg[0]) is unused and will be removed from module top_module_tb.
---------------------------------------------------------------------------------
Finished Cross Boundary and Area Optimization : Time (s): cpu = 00:00:20 ; elapsed = 00:00:22 . Memory (MB): peak = 1170.219 ; gain = 693.961
---------------------------------------------------------------------------------
No constraint files found.
---------------------------------------------------------------------------------
Start Timing Optimization
---------------------------------------------------------------------------------
---------------------------------------------------------------------------------
Finished Timing Optimization : Time (s): cpu = 00:00:21 ; elapsed = 00:00:22 . Memory (MB): peak = 1170.219 ; gain = 693.961
---------------------------------------------------------------------------------
---------------------------------------------------------------------------------
Start Technology Mapping
---------------------------------------------------------------------------------
---------------------------------------------------------------------------------
Finished Technology Mapping : Time (s): cpu = 00:00:21 ; elapsed = 00:00:22 . Memory (MB): peak = 1170.219 ; gain = 693.961
---------------------------------------------------------------------------------
---------------------------------------------------------------------------------
Start IO Insertion
---------------------------------------------------------------------------------
---------------------------------------------------------------------------------
Start Flattening Before IO Insertion
---------------------------------------------------------------------------------
---------------------------------------------------------------------------------
Finished Flattening Before IO Insertion
---------------------------------------------------------------------------------
---------------------------------------------------------------------------------
Start Final Netlist Cleanup
---------------------------------------------------------------------------------
---------------------------------------------------------------------------------
Finished Final Netlist Cleanup
---------------------------------------------------------------------------------
---------------------------------------------------------------------------------
Finished IO Insertion : Time (s): cpu = 00:00:27 ; elapsed = 00:00:30 . Memory (MB): peak = 1170.219 ; gain = 693.961
---------------------------------------------------------------------------------
---------------------------------------------------------------------------------
Start Renaming Generated Instances
---------------------------------------------------------------------------------
---------------------------------------------------------------------------------
Finished Renaming Generated Instances : Time (s): cpu = 00:00:27 ; elapsed = 00:00:30 . Memory (MB): peak = 1170.219 ; gain = 693.961
---------------------------------------------------------------------------------
---------------------------------------------------------------------------------
Start Rebuilding User Hierarchy
---------------------------------------------------------------------------------
---------------------------------------------------------------------------------
Finished Rebuilding User Hierarchy : Time (s): cpu = 00:00:27 ; elapsed = 00:00:30 . Memory (MB): peak = 1170.219 ; gain = 693.961
---------------------------------------------------------------------------------
---------------------------------------------------------------------------------
Start Renaming Generated Ports
---------------------------------------------------------------------------------
---------------------------------------------------------------------------------
Finished Renaming Generated Ports : Time (s): cpu = 00:00:27 ; elapsed = 00:00:30 . Memory (MB): peak = 1170.219 ; gain = 693.961
---------------------------------------------------------------------------------
---------------------------------------------------------------------------------
Start Handling Custom Attributes
---------------------------------------------------------------------------------
---------------------------------------------------------------------------------
Finished Handling Custom Attributes : Time (s): cpu = 00:00:27 ; elapsed = 00:00:30 . Memory (MB): peak = 1170.219 ; gain = 693.961
---------------------------------------------------------------------------------
---------------------------------------------------------------------------------
Start Renaming Generated Nets
---------------------------------------------------------------------------------
---------------------------------------------------------------------------------
Finished Renaming Generated Nets : Time (s): cpu = 00:00:27 ; elapsed = 00:00:30 . Memory (MB): peak = 1170.219 ; gain = 693.961
---------------------------------------------------------------------------------
---------------------------------------------------------------------------------
Start Writing Synthesis Report
---------------------------------------------------------------------------------

Report BlackBoxes: 
+-+--------------+----------+
| |BlackBox name |Instances |
+-+--------------+----------+
+-+--------------+----------+

Report Cell Usage: 
+-+-----+------+
| |Cell |Count |
+-+-----+------+
+-+-----+------+

Report Instance Areas: 
+------+---------+-------+------+
|      |Instance |Module |Cells |
+------+---------+-------+------+
|1     |top      |       |     0|
+------+---------+-------+------+
---------------------------------------------------------------------------------
Finished Writing Synthesis Report : Time (s): cpu = 00:00:27 ; elapsed = 00:00:30 . Memory (MB): peak = 1170.219 ; gain = 693.961
---------------------------------------------------------------------------------
Synthesis finished with 0 errors, 0 critical warnings and 6 warnings.
Synthesis Optimization Runtime : Time (s): cpu = 00:00:27 ; elapsed = 00:00:30 . Memory (MB): peak = 1170.219 ; gain = 693.961
Synthesis Optimization Complete : Time (s): cpu = 00:00:27 ; elapsed = 00:00:30 . Memory (MB): peak = 1170.219 ; gain = 693.961
INFO: [Project 1-571] Translating synthesized netlist
Netlist sorting complete. Time (s): cpu = 00:00:00 ; elapsed = 00:00:00 . Memory (MB): peak = 1170.219 ; gain = 0.000
INFO: [Project 1-570] Preparing netlist for logic optimization
INFO: [Opt 31-138] Pushed 0 inverter(s) to 0 load pin(s).
Netlist sorting complete. Time (s): cpu = 00:00:00 ; elapsed = 00:00:00 . Memory (MB): peak = 1273.449 ; gain = 0.000
INFO: [Project 1-111] Unisim Transformation Summary:
No Unisim elements were transformed.

Synth Design complete | Checksum: 79cf9b8f
INFO: [Common 17-83] Releasing license: Synthesis
22 Infos, 6 Warnings, 0 Critical Warnings and 0 Errors encountered.
synth_design completed successfully
synth_design: Time (s): cpu = 00:00:30 ; elapsed = 00:00:33 . Memory (MB): peak = 1273.449 ; gain = 822.059
INFO: [Common 17-1381] The checkpoint 'C:/Users/Trung/Desktop/Crossroad-Traffic-Light/vivado/Traffic-Light.runs/synth_1/top_module_tb.dcp' has been generated.
INFO: [runtcl-4] Executing : report_utilization -file top_module_tb_utilization_synth.rpt -pb top_module_tb_utilization_synth.pb
INFO: [Common 17-206] Exiting Vivado at Sun Apr  5 20:17:38 2026...
